C51 COMPILER V9.00   MAIN                                                                  07/13/2013 13:27:51 PAGE 1   


C51 COMPILER V9.00, COMPILATION OF MODULE MAIN
OBJECT MODULE PLACED IN main.OBJ
COMPILER INVOKED BY: C:\Keil\C51\BIN\C51.EXE main.c BROWSE DEBUG OBJECTEXTEND

line level    source

   1          #include "main.h"
   2          
   3          //定义变量
   4          unsigned char temp = 0xfe;
   5          unsigned char KEY_NUM = 0;
   6          
   7          unsigned char Display_word[4][4] = {
   8          
   9          //{0x00,0x3E,0x02,0x02},/*"L",0*/
  10          //
  11          //{0x1C,0x22,0x22,0x1C},/*"O",1*/
  12          //
  13          //{0x20,0x3C,0x06,0x3C},/*"V",2*/
  14          //
  15          //{0x00,0x3E,0x3A,0x22},/*"E",3*/
  16          
  17          0x00,0x00,0x1C,0x1C,0x1C,0x1C,0x1C,0x1C,
  18          0x1C,0x1C,0x7F,0x3E,0x1C,0x08,0x00,0x00                 //箭头
  19          
  20          
  21          
  22          };
  23          
  24          //****************************************************
  25          //主函数
  26          //****************************************************
  27          void main()
  28          {
  29   1              unsigned char j,k;
  30   1              while(1)
  31   1              {
  32   2                      temp = 0x7f;
  33   2                      for(j = 0 ; j < 2 ; j++)                //显示前两个字母
  34   2                      {
  35   3                              for(k = 0 ; k < 4 ; k++)                //一个字母4BYTE
  36   3                              {
  37   4                                      Send_Byte(0xff);                        //列选择
  38   4                                      Send_Byte(0x00);                    //行数据
  39   4                                      Send_Byte(temp);                        //列选择
  40   4                                      Send_Byte(Display_word[j][k]);                  //行数据
  41   4                                      LEDARRAY_LAT = 1;                                       //锁存数据
  42   4                                      _nop_();
  43   4                              
  44   4                                      LEDARRAY_LAT = 0;
  45   4                                      _nop_();
  46   4                                      temp = (temp>>1)|0x80;
  47   4                              }
  48   3                      }
  49   2      
  50   2                      temp = 0x7f;
  51   2                      for(j = 2 ; j < 4 ; j++)                //显示后两个字母
  52   2                      {
  53   3                              for(k = 0 ; k < 4 ; k++)                //一个字母4BYTE
  54   3                              {
  55   4                                      Send_Byte(temp);                        //列选择
C51 COMPILER V9.00   MAIN                                                                  07/13/2013 13:27:51 PAGE 2   

  56   4                                      Send_Byte(Display_word[j][k]);              //行数据
  57   4                                      Send_Byte(0xff);                        //列选择
  58   4                                      Send_Byte(0x00);                        //行数据
  59   4                                      LEDARRAY_LAT = 1;                                       //锁存数据
  60   4                                      _nop_();
  61   4                              
  62   4                                      LEDARRAY_LAT = 0;
  63   4                                      _nop_();
  64   4                                      temp = (temp>>1)|0x80;
  65   4                              }
  66   3                      }
  67   2                      
  68   2                                              
  69   2              }
  70   1      }
  71          
  72          //****************************************************
  73          //发送一个字节数据
  74          //****************************************************
  75          void Send_Byte( unsigned char dat)
  76          {
  77   1              unsigned char i;
  78   1              LEDARRAY_CLK = 0;
  79   1              _nop_();        
  80   1              LEDARRAY_LAT = 0;
  81   1              _nop_();
  82   1      
  83   1              for( i = 0 ; i < 8 ; i++ )
  84   1              {
  85   2                      if( dat&0x01 )
  86   2                      {
  87   3                              LEDARRAY_DI = 1;        
  88   3                      }
  89   2                      else
  90   2                      {
  91   3                              LEDARRAY_DI = 0;
  92   3                      }
  93   2                      
  94   2                      LEDARRAY_CLK = 1;                               //上升沿发送数据
  95   2                      //                              _nop_();
  96   2                      LEDARRAY_CLK = 0;
  97   2                      //                              _nop_();
  98   2                                      
  99   2                      dat >>= 1;                      
 100   2              }               
 101   1      }
 102          //****************************************************
 103          //MS延时函数(12M晶振下测试)
 104          //****************************************************
 105          void Delay_ms(unsigned int n)
 106          {
 107   1              unsigned int  i,j;
 108   1              for(i=0;i<n;i++)
 109   1                      for(j=0;j<123;j++);
 110   1      }


MODULE INFORMATION:   STATIC OVERLAYABLE
   CODE SIZE        =    196    ----
   CONSTANT SIZE    =   ----    ----
   XDATA SIZE       =   ----    ----
   PDATA SIZE       =   ----    ----
C51 COMPILER V9.00   MAIN                                                                  07/13/2013 13:27:51 PAGE 3   

   DATA SIZE        =     18       2
   IDATA SIZE       =   ----    ----
   BIT SIZE         =   ----    ----
END OF MODULE INFORMATION.


C51 COMPILATION COMPLETE.  0 WARNING(S),  0 ERROR(S)
