C51 COMPILER V9.00   MAIN                                                                  07/13/2013 13:27:16 PAGE 1   


C51 COMPILER V9.00, COMPILATION OF MODULE MAIN
OBJECT MODULE PLACED IN main.OBJ
COMPILER INVOKED BY: C:\Keil\C51\BIN\C51.EXE main.c BROWSE DEBUG OBJECTEXTEND

line level    source

   1          #include "main.h"
   2          
   3          //定义变量
   4          unsigned char temp = 0xfe;
   5          unsigned char KEY_NUM = 0;
   6          
   7          unsigned char Display_word[24] = {
   8          0x00,0x00,0x00,0x00,0x00,0x00,0x00,0x00,
   9          0x10,0x38,0x54,0x10,0x10,0x10,0x10,0x10,        //箭头
  10          0x00,0x00,0x00,0x00,0x00,0x00,0x00,0x00,
  11          
  12          
  13          };
  14          
  15          //****************************************************
  16          //主函数
  17          //****************************************************
  18          void main()
  19          {
  20   1              unsigned int i;
  21   1              unsigned char j,k;
  22   1              while(1)
  23   1              {               
  24   2                      for(j = 0 ; j < 16 ; j++)               
  25   2                      {
  26   3                              for(i = 0 ; i < 50 ; i++)
  27   3                              {
  28   4                                      temp = 0x7f;
  29   4                                      for(k = 0 ; k < 16 ; k++)               //一个字母4BYTE
  30   4                                      {
  31   5                                              Send_Byte(temp);                        //列选择
  32   5                                              Send_Byte(Display_word[j+k]);                   //数据
  33   5                                              LEDARRAY_LAT = 1;                                       //锁存数据
  34   5                                              _nop_();
  35   5                                      
  36   5                                              LEDARRAY_LAT = 0;
  37   5                                              _nop_();
  38   5                                              temp = (temp>>1)|0x80;
  39   5                                      }
  40   4                              }
  41   3                      }
  42   2              }                                       
  43   1      }
  44          
  45          //****************************************************
  46          //发送一个字节数据
  47          //****************************************************
  48          void Send_Byte( unsigned char dat)
  49          {
  50   1              unsigned char i;
  51   1              LEDARRAY_CLK = 0;
  52   1              _nop_();        
  53   1              LEDARRAY_LAT = 0;
  54   1              _nop_();
  55   1      
C51 COMPILER V9.00   MAIN                                                                  07/13/2013 13:27:16 PAGE 2   

  56   1              for( i = 0 ; i < 8 ; i++ )
  57   1              {
  58   2                      if( dat&0x01 )
  59   2                      {
  60   3                              LEDARRAY_DI = 1;        
  61   3                      }
  62   2                      else
  63   2                      {
  64   3                              LEDARRAY_DI = 0;
  65   3                      }
  66   2                      
  67   2                      LEDARRAY_CLK = 1;                               //上升沿发送数据
  68   2                      //                              _nop_();
  69   2                      LEDARRAY_CLK = 0;
  70   2                      //                              _nop_();
  71   2                                      
  72   2                      dat >>= 1;                      
  73   2              }               
  74   1      }
  75          //****************************************************
  76          //MS延时函数(12M晶振下测试)
  77          //****************************************************
  78          void Delay_ms(unsigned int n)
  79          {
  80   1              unsigned int  i,j;
  81   1              for(i=0;i<n;i++)
  82   1                      for(j=0;j<123;j++);
  83   1      }


MODULE INFORMATION:   STATIC OVERLAYABLE
   CODE SIZE        =    145    ----
   CONSTANT SIZE    =   ----    ----
   XDATA SIZE       =   ----    ----
   PDATA SIZE       =   ----    ----
   DATA SIZE        =     26       4
   IDATA SIZE       =   ----    ----
   BIT SIZE         =   ----    ----
END OF MODULE INFORMATION.


C51 COMPILATION COMPLETE.  0 WARNING(S),  0 ERROR(S)
